<?xml version="1.0" encoding="UTF-8"?>
<!-- Generated by org.testng.reporters.JUnitReportReporter -->
<testsuite skipped="0" hostname="ATLT1344" name="com.attra.testcases.AccountDeatilsFetch" tests="1" failures="0" timestamp="22 Feb 2019 06:45:43 GMT" time="39.591" errors="0">
  <testcase name="fetchDetailsAccountDetails" time="39.591" classname="com.attra.testcases.AccountDeatilsFetch"/>
</testsuite> <!-- com.attra.testcases.AccountDeatilsFetch -->
