<?xml version="1.0" encoding="UTF-8"?>
<!-- Generated by org.testng.reporters.JUnitReportReporter -->
<testsuite skipped="0" hostname="ATLT1344" name="com.attra.testcases.FAS.ParameterManagement" tests="1" failures="0" timestamp="13 Mar 2019 07:12:29 GMT" time="435.401" errors="0">
  <testcase name="ProcessingParametersSystem" time="435.401" classname="com.attra.testcases.FAS.ParameterManagement"/>
</testsuite> <!-- com.attra.testcases.FAS.ParameterManagement -->
