<?xml version="1.0" encoding="UTF-8"?>
<!-- Generated by org.testng.reporters.JUnitReportReporter -->
<testsuite skipped="0" hostname="ATLT1344" name="com.liteUi.CMS.ParamManagementDetails" tests="1" failures="0" timestamp="13 Mar 2019 07:18:25 GMT" time="375.749" errors="0">
  <testcase name="AccountProcessingTableDetails" time="375.749" classname="com.liteUi.CMS.ParamManagementDetails"/>
</testsuite> <!-- com.liteUi.CMS.ParamManagementDetails -->
