<?xml version="1.0" encoding="UTF-8"?>
<!-- Generated by org.testng.reporters.JUnitReportReporter -->
<testsuite skipped="0" hostname="ATLT1344" name="com.attra.testcases.AccountProcessingTable" tests="1" failures="0" timestamp="06 Mar 2019 11:49:33 GMT" time="331.671" errors="0">
  <testcase name="fetchDetailsAccountDetails" time="331.671" classname="com.attra.testcases.AccountProcessingTable"/>
</testsuite> <!-- com.attra.testcases.AccountProcessingTable -->
