<?xml version="1.0" encoding="UTF-8"?>
<!-- Generated by org.testng.reporters.JUnitReportReporter -->
<testsuite skipped="0" hostname="ATLT1344" name="Practise.test" tests="1" failures="0" timestamp="14 Mar 2019 13:10:34 GMT" time="108.196" errors="0">
  <testcase name="hi" time="108.196" classname="Practise.test"/>
</testsuite> <!-- Practise.test -->
