<?xml version="1.0" encoding="UTF-8"?>
<!-- Generated by org.testng.reporters.JUnitReportReporter -->
<testsuite name="com.attra.driverscript.Driverscript" tests="1" time="52.142" ignored="0" failures="0" timestamp="09 Aug 2017 10:45:20 GMT" skipped="0" hostname="ATBLR803" errors="0">
  <testcase name="runner" time="52.142" classname="com.attra.driverscript.Driverscript"/>
</testsuite> <!-- com.attra.driverscript.Driverscript -->
